[debug] [2023-01-16T05:10:15.674Z] ----------------------------------------------------------------------
[debug] [2023-01-16T05:10:15.676Z] Command:       C:\Program Files\nodejs\node.exe C:\Users\91807\AppData\Roaming\npm\node_modules\firebase-tools\lib\bin\firebase.js init hosting
[debug] [2023-01-16T05:10:15.677Z] CLI Version:   11.20.0
[debug] [2023-01-16T05:10:15.677Z] Platform:      win32
[debug] [2023-01-16T05:10:15.677Z] Node Version:  v16.14.2
[debug] [2023-01-16T05:10:15.678Z] Time:          Mon Jan 16 2023 10:40:15 GMT+0530 (India Standard Time)
[debug] [2023-01-16T05:10:15.678Z] ----------------------------------------------------------------------
[debug] 
[debug] [2023-01-16T05:10:15.687Z] > command requires scopes: ["email","openid","https://www.googleapis.com/auth/cloudplatformprojects.readonly","https://www.googleapis.com/auth/firebase","https://www.googleapis.com/auth/cloud-platform"]
[debug] [2023-01-16T05:10:15.688Z] > authorizing via signed-in user (sangam.naik1010@gmail.com)
[info] 
     ######## #### ########  ######## ########     ###     ######  ########
     ##        ##  ##     ## ##       ##     ##  ##   ##  ##       ##
     ######    ##  ########  ######   ########  #########  ######  ######
     ##        ##  ##    ##  ##       ##     ## ##     ##       ## ##
     ##       #### ##     ## ######## ########  ##     ##  ######  ########

You're about to initialize a Firebase project in this directory:

  D:\Angular\course-project

[info] 
=== Project Setup
[info] 
[info] First, let's associate this project directory with a Firebase project.
[info] You can create multiple project aliases by running firebase use --add, 
[info] but for now we'll just set up a default project.
[info] 
[debug] [2023-01-16T05:10:20.783Z] >>> [apiv2][query] GET https://firebase.googleapis.com/v1beta1/projects pageSize=100
[debug] [2023-01-16T05:10:28.295Z] <<< [apiv2][status] GET https://firebase.googleapis.com/v1beta1/projects 200
[debug] [2023-01-16T05:10:28.295Z] <<< [apiv2][body] GET https://firebase.googleapis.com/v1beta1/projects [omitted]
[info] i  Using project angular-project-recipebo-99db7 (Angular-Project-RecipeBook) 
[info] 
=== Hosting Setup
[info] 
[info] Your public directory is the folder (relative to your project directory) that
[info] will contain Hosting assets to be uploaded with firebase deploy. If you
[info] have a build process for your assets, use your build's output directory.
[info] 
[debug] [2023-01-16T05:12:24.166Z] >>> [apiv2][query] GET https://www.gstatic.com/firebasejs/releases.json [none]
[debug] [2023-01-16T05:12:24.327Z] <<< [apiv2][status] GET https://www.gstatic.com/firebasejs/releases.json 200
[debug] [2023-01-16T05:12:24.327Z] <<< [apiv2][body] GET https://www.gstatic.com/firebasejs/releases.json {"current":{"version":"9.15.0","browserURL":"https://www.gstatic.com/firebasejs/9.15.0/firebase.js","packageURL":"https://www.gstatic.com/firebasejs/9.15.0/firebase.tgz"},"live":{"version":"9.15","browserURL":"https://www.gstatic.com/firebasejs/live/9.15/firebase.js","packageURL":"https://www.gstatic.com/firebasejs/live/9.15/firebase.tgz"},"components":{"analytics":"https://www.gstatic.com/firebasejs/9.15.0/firebase-analytics.js","app":"https://www.gstatic.com/firebasejs/9.15.0/firebase-app.js","app-check":"https://www.gstatic.com/firebasejs/9.15.0/firebase-app-check.js","auth":"https://www.gstatic.com/firebasejs/9.15.0/firebase-auth.js","auth/cordova":"https://www.gstatic.com/firebasejs/9.15.0/firebase-auth/cordova.js","auth/react-native":"https://www.gstatic.com/firebasejs/9.15.0/firebase-auth/react-native.js","functions":"https://www.gstatic.com/firebasejs/9.15.0/firebase-functions.js","firestore":"https://www.gstatic.com/firebasejs/9.15.0/firebase-firestore.js","firestore/lite":"https://www.gstatic.com/firebasejs/9.15.0/firebase-firestore/lite.js","installations":"https://www.gstatic.com/firebasejs/9.15.0/firebase-installations.js","storage":"https://www.gstatic.com/firebasejs/9.15.0/firebase-storage.js","performance":"https://www.gstatic.com/firebasejs/9.15.0/firebase-performance.js","remote-config":"https://www.gstatic.com/firebasejs/9.15.0/firebase-remote-config.js","messaging":"https://www.gstatic.com/firebasejs/9.15.0/firebase-messaging.js","messaging/sw":"https://www.gstatic.com/firebasejs/9.15.0/firebase-messaging/sw.js","database":"https://www.gstatic.com/firebasejs/9.15.0/firebase-database.js","firestore.memory":"https://www.gstatic.com/firebasejs/9.15.0/firebase-firestore.memory.js"}}
[info] i  Skipping write of dist/course-project-1/index.html 
[info] 
[info] i  Detected a .git folder at D:\Angular\course-project 
[info] i  Authorizing with GitHub to upload your service account to a GitHub repository's secrets store. 
[info] 
[info] Visit this URL on this device to log in:
[info] https://github.com/login/oauth/authorize?client_id=89cf50f02ac6aaed3484&state=754174312&redirect_uri=http%3A%2F%2Flocalhost%3A9005&scope=read%3Auser%20repo%20public_repo
[info] 
[info] Waiting for authentication...
[debug] [2023-01-16T05:13:23.090Z] >>> [apiv2][query] POST https://github.com/login/oauth/access_token [none]
[debug] [2023-01-16T05:13:23.090Z] >>> [apiv2][body] POST https://github.com/login/oauth/access_token [stream]
[debug] [2023-01-16T05:13:23.517Z] <<< [apiv2][status] POST https://github.com/login/oauth/access_token 200
[debug] [2023-01-16T05:13:23.517Z] <<< [apiv2][body] POST https://github.com/login/oauth/access_token {"access_token":"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","token_type":"bearer","scope":"read:user,repo"}
[debug] [2023-01-16T05:13:23.521Z] >>> [apiv2][query] GET https://api.github.com/user [none]
[debug] [2023-01-16T05:13:23.924Z] <<< [apiv2][status] GET https://api.github.com/user 200
[debug] [2023-01-16T05:13:23.925Z] <<< [apiv2][body] GET https://api.github.com/user {"login":"SangamNaik","id":101661560,"node_id":"U_kgDOBg87eA","avatar_url":"https://avatars.githubusercontent.com/u/101661560?v=4","gravatar_id":"","url":"https://api.github.com/users/SangamNaik","html_url":"https://github.com/SangamNaik","followers_url":"https://api.github.com/users/SangamNaik/followers","following_url":"https://api.github.com/users/SangamNaik/following{/other_user}","gists_url":"https://api.github.com/users/SangamNaik/gists{/gist_id}","starred_url":"https://api.github.com/users/SangamNaik/starred{/owner}{/repo}","subscriptions_url":"https://api.github.com/users/SangamNaik/subscriptions","organizations_url":"https://api.github.com/users/SangamNaik/orgs","repos_url":"https://api.github.com/users/SangamNaik/repos","events_url":"https://api.github.com/users/SangamNaik/events{/privacy}","received_events_url":"https://api.github.com/users/SangamNaik/received_events","type":"User","site_admin":false,"name":"Sangam Naik","company":null,"blog":"","location":"Bangalore","email":null,"hireable":null,"bio":"Passionate Web Developer, likes to build stuff on the Internet❤️ | Graphic Designer | Photoshop Artist | B.Tech in ECE | PES University, Bangalore","twitter_username":null,"public_repos":9,"public_gists":0,"followers":4,"following":8,"created_at":"2022-03-15T17:07:01Z","updated_at":"2022-12-29T16:59:15Z","private_gists":0,"total_private_repos":3,"owned_private_repos":3,"disk_usage":16000,"collaborators":0,"two_factor_authentication":false,"plan":{"name":"free","space":976562499,"collaborators":0,"private_repos":10000}}
[info] 
[info] +  Success! Logged into GitHub as SangamNaik 
[info] 
